<?xml version="1.0" encoding="UTF-8"?>
<!-- Generated by org.testng.reporters.JUnitReportReporter -->
<testsuite skipped="0" hostname="preyas-r" name="Runners.MyAccount_Runner" tests="5" failures="0" timestamp="2022-04-27T15:27:13 IST" time="424.321" errors="0">
  <testcase name="runScenario" time="51.520" classname="Runners.MyAccount_Runner"/>
  <system-out/>
  <testcase name="runScenario" time="72.232" classname="Runners.MyAccount_Runner"/>
  <system-out/>
  <testcase name="runScenario" time="190.412" classname="Runners.MyAccount_Runner"/>
  <system-out/>
  <testcase name="runScenario" time="51.489" classname="Runners.MyAccount_Runner"/>
  <system-out/>
  <testcase name="runScenario" time="58.668" classname="Runners.MyAccount_Runner"/>
  <system-out/>
</testsuite> <!-- Runners.MyAccount_Runner -->
