<?xml version="1.0" encoding="UTF-8"?>
<!-- Generated by org.testng.reporters.JUnitReportReporter -->
<testsuite skipped="0" hostname="preyas-r" name="Runners.Login_TestRunner" tests="3" failures="0" timestamp="2022-04-27T15:27:13 IST" time="209.695" errors="0">
  <testcase name="runScenario" time="50.663" classname="Runners.Login_TestRunner"/>
  <system-out/>
  <testcase name="runScenario" time="109.558" classname="Runners.Login_TestRunner"/>
  <system-out/>
  <testcase name="runScenario" time="49.474" classname="Runners.Login_TestRunner"/>
  <system-out/>
</testsuite> <!-- Runners.Login_TestRunner -->
